<?xml version="1.0" encoding="UTF-8"?>
<!-- Generated by org.testng.reporters.JUnitXMLReporter -->
<testsuite hostname="DESKTOP-JU5IVL4" ignored="2" name="Default test" tests="1" failures="0" timestamp="2021-10-13T17:40:57 PDT" time="43.058" errors="0">
  <testcase name="TC12_Editview" time="38.043" classname="com.training.test.createAccount.CreateAccountTest"/>
  <testcase name="TC11_Createnewview" time="0.0" classname="com.training.test.createAccount.CreateAccountTest">
    <ignored/>
  </testcase> <!-- TC11_Createnewview -->
  <testcase name="TC10_CreateAccount" time="0.0" classname="com.training.test.createAccount.CreateAccountTest">
    <ignored/>
  </testcase> <!-- TC10_CreateAccount -->
</testsuite> <!-- Default test -->
